[debug] [2024-02-11T17:40:13.892Z] ----------------------------------------------------------------------
[debug] [2024-02-11T17:40:13.893Z] Command:       C:\Program Files\nodejs\node.exe C:\Program Files\nodejs\node_modules\firebase-tools\lib\bin\firebase.js init
[debug] [2024-02-11T17:40:13.893Z] CLI Version:   13.2.1
[debug] [2024-02-11T17:40:13.893Z] Platform:      win32
[debug] [2024-02-11T17:40:13.894Z] Node Version:  v18.16.1
[debug] [2024-02-11T17:40:13.894Z] Time:          Sun Feb 11 2024 11:40:13 GMT-0600 (hora estándar central)
[debug] [2024-02-11T17:40:13.894Z] ----------------------------------------------------------------------
[debug] 
[debug] [2024-02-11T17:40:13.899Z] > command requires scopes: ["email","openid","https://www.googleapis.com/auth/cloudplatformprojects.readonly","https://www.googleapis.com/auth/firebase","https://www.googleapis.com/auth/cloud-platform"]
[debug] [2024-02-11T17:40:13.899Z] > authorizing via signed-in user (leonardo.m2349@gmail.com)
[info] 
     ######## #### ########  ######## ########     ###     ######  ########
     ##        ##  ##     ## ##       ##     ##  ##   ##  ##       ##
     ######    ##  ########  ######   ########  #########  ######  ######
     ##        ##  ##    ##  ##       ##     ## ##     ##       ## ##
     ##       #### ##     ## ######## ########  ##     ##  ######  ########

You're about to initialize a Firebase project in this directory:

  C:\Users\leona\OneDrive\Documentos\React\personal-portfolio

[info] 
=== Project Setup
[info] 
[info] First, let's associate this project directory with a Firebase project.
[info] You can create multiple project aliases by running firebase use --add, 
[info] but for now we'll just set up a default project.
[info] 
[debug] [2024-02-11T17:40:32.261Z] >>> [apiv2][query] GET https://firebase.googleapis.com/v1beta1/projects pageSize=100
[debug] [2024-02-11T17:40:32.670Z] <<< [apiv2][status] GET https://firebase.googleapis.com/v1beta1/projects 200
[debug] [2024-02-11T17:40:32.670Z] <<< [apiv2][body] GET https://firebase.googleapis.com/v1beta1/projects [omitted]
[info] i  Using project leo-oh-b03e9 (leo-oh) 
[info] 
=== Hosting Setup
[debug] [2024-02-11T17:40:41.881Z] >>> [apiv2][query] GET https://firebase.googleapis.com/v1beta1/projects/leo-oh-b03e9 [none]
[debug] [2024-02-11T17:40:42.214Z] <<< [apiv2][status] GET https://firebase.googleapis.com/v1beta1/projects/leo-oh-b03e9 200
[debug] [2024-02-11T17:40:42.214Z] <<< [apiv2][body] GET https://firebase.googleapis.com/v1beta1/projects/leo-oh-b03e9 {"projectId":"leo-oh-b03e9","projectNumber":"453044721600","displayName":"leo-oh","name":"projects/leo-oh-b03e9","resources":{"hostingSite":"leo-oh-b03e9"},"state":"ACTIVE","etag":"1_6c796e86-dc34-49e6-9211-d196cb42af9f"}
[info] 
[info] Your public directory is the folder (relative to your project directory) that
[info] will contain Hosting assets to be uploaded with firebase deploy. If you
[info] have a build process for your assets, use your build's output directory.
[info] 
[debug] [2024-02-11T17:40:58.945Z] >>> [apiv2][query] GET https://www.gstatic.com/firebasejs/releases.json [none]
[debug] [2024-02-11T17:40:59.223Z] <<< [apiv2][status] GET https://www.gstatic.com/firebasejs/releases.json 200
[debug] [2024-02-11T17:40:59.223Z] <<< [apiv2][body] GET https://www.gstatic.com/firebasejs/releases.json {"current":{"version":"10.8.0","browserURL":"https://www.gstatic.com/firebasejs/10.8.0/firebase.js","packageURL":"https://www.gstatic.com/firebasejs/10.8.0/firebase.tgz"},"live":{"version":"10.8","browserURL":"https://www.gstatic.com/firebasejs/live/10.8/firebase.js","packageURL":"https://www.gstatic.com/firebasejs/live/10.8/firebase.tgz"},"components":{"analytics":"https://www.gstatic.com/firebasejs/10.8.0/firebase-analytics.js","app":"https://www.gstatic.com/firebasejs/10.8.0/firebase-app.js","app-check":"https://www.gstatic.com/firebasejs/10.8.0/firebase-app-check.js","auth":"https://www.gstatic.com/firebasejs/10.8.0/firebase-auth.js","auth/cordova":"https://www.gstatic.com/firebasejs/10.8.0/firebase-auth/cordova.js","auth/web-extension":"https://www.gstatic.com/firebasejs/10.8.0/firebase-auth/web-extension.js","functions":"https://www.gstatic.com/firebasejs/10.8.0/firebase-functions.js","firestore":"https://www.gstatic.com/firebasejs/10.8.0/firebase-firestore.js","firestore/lite":"https://www.gstatic.com/firebasejs/10.8.0/firebase-firestore/lite.js","installations":"https://www.gstatic.com/firebasejs/10.8.0/firebase-installations.js","storage":"https://www.gstatic.com/firebasejs/10.8.0/firebase-storage.js","performance":"https://www.gstatic.com/firebasejs/10.8.0/firebase-performance.js","remote-config":"https://www.gstatic.com/firebasejs/10.8.0/firebase-remote-config.js","messaging":"https://www.gstatic.com/firebasejs/10.8.0/firebase-messaging.js","messaging/sw":"https://www.gstatic.com/firebasejs/10.8.0/firebase-messaging/sw.js","database":"https://www.gstatic.com/firebasejs/10.8.0/firebase-database.js","firestore.memory":"https://www.gstatic.com/firebasejs/10.8.0/firebase-firestore.memory.js"}}
[info] +  Wrote public/index.html 
[info] 
[info] i  Didn't detect a .git folder. Assuming C:\Users\leona\OneDrive\Documentos\React\personal-portfolio is the project root. 
[info] i  Authorizing with GitHub to upload your service account to a GitHub repository's secrets store. 
[info] 
[info] Visit this URL on this device to log in:
[info] https://github.com/login/oauth/authorize?client_id=89cf50f02ac6aaed3484&state=108101149&redirect_uri=http%3A%2F%2Flocalhost%3A9005&scope=read%3Auser%20repo%20public_repo
[info] 
[info] Waiting for authentication...
[debug] [2024-02-11T17:41:03.009Z] >>> [apiv2][query] POST https://github.com/login/oauth/access_token [none]
[debug] [2024-02-11T17:41:03.009Z] >>> [apiv2][body] POST https://github.com/login/oauth/access_token [stream]
[debug] [2024-02-11T17:41:03.403Z] <<< [apiv2][status] POST https://github.com/login/oauth/access_token 200
[debug] [2024-02-11T17:41:03.403Z] <<< [apiv2][body] POST https://github.com/login/oauth/access_token {"access_token":"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","token_type":"bearer","scope":"read:user,repo"}
[debug] [2024-02-11T17:41:03.413Z] >>> [apiv2][query] GET https://api.github.com/user [none]
[debug] [2024-02-11T17:41:03.802Z] <<< [apiv2][status] GET https://api.github.com/user 200
[debug] [2024-02-11T17:41:03.802Z] <<< [apiv2][body] GET https://api.github.com/user {"login":"Leo-Oh","id":59150442,"node_id":"MDQ6VXNlcjU5MTUwNDQy","avatar_url":"https://avatars.githubusercontent.com/u/59150442?v=4","gravatar_id":"","url":"https://api.github.com/users/Leo-Oh","html_url":"https://github.com/Leo-Oh","followers_url":"https://api.github.com/users/Leo-Oh/followers","following_url":"https://api.github.com/users/Leo-Oh/following{/other_user}","gists_url":"https://api.github.com/users/Leo-Oh/gists{/gist_id}","starred_url":"https://api.github.com/users/Leo-Oh/starred{/owner}{/repo}","subscriptions_url":"https://api.github.com/users/Leo-Oh/subscriptions","organizations_url":"https://api.github.com/users/Leo-Oh/orgs","repos_url":"https://api.github.com/users/Leo-Oh/repos","events_url":"https://api.github.com/users/Leo-Oh/events{/privacy}","received_events_url":"https://api.github.com/users/Leo-Oh/received_events","type":"User","site_admin":false,"name":"Leonardo Daniel Montiel Martinez","company":null,"blog":"","location":"Córdoba Ver","email":null,"hireable":true,"bio":"Software Engineer","twitter_username":null,"public_repos":52,"public_gists":0,"followers":9,"following":7,"created_at":"2019-12-22T22:30:08Z","updated_at":"2024-02-10T08:05:31Z","private_gists":1,"total_private_repos":65,"owned_private_repos":65,"disk_usage":380813,"collaborators":11,"two_factor_authentication":false,"plan":{"name":"free","space":976562499,"collaborators":0,"private_repos":10000}}
[info] 
[info] +  Success! Logged into GitHub as Leo-Oh 
[info] 
[debug] [2024-02-11T17:41:22.493Z] >>> [apiv2][query] GET https://api.github.com/repos//actions/secrets/public-key type=owner
[debug] [2024-02-11T17:41:22.846Z] <<< [apiv2][status] GET https://api.github.com/repos//actions/secrets/public-key 404
[debug] [2024-02-11T17:41:22.846Z] <<< [apiv2][body] GET https://api.github.com/repos//actions/secrets/public-key {"message":"Not Found","documentation_url":"https://docs.github.com/rest"}
[info] 
[info] 
[error] !  The provided authorization cannot be used with this repository. If this repository is in an organization, did you remember to grant access? 
[info] 
[info] i  Action required: Visit this URL to ensure access has been granted to the appropriate organization(s) for the Firebase CLI GitHub OAuth App: 
[info] https://github.com/settings/connections/applications/89cf50f02ac6aaed3484
[info] 
[debug] [2024-02-11T17:41:24.409Z] >>> [apiv2][query] GET https://api.github.com/repos//actions/secrets/public-key type=owner
[debug] [2024-02-11T17:41:24.735Z] <<< [apiv2][status] GET https://api.github.com/repos//actions/secrets/public-key 404
[debug] [2024-02-11T17:41:24.735Z] <<< [apiv2][body] GET https://api.github.com/repos//actions/secrets/public-key {"message":"Not Found","documentation_url":"https://docs.github.com/rest"}
[info] 
[info] 
[error] !  The provided authorization cannot be used with this repository. If this repository is in an organization, did you remember to grant access? 
[info] 
[info] i  Action required: Visit this URL to ensure access has been granted to the appropriate organization(s) for the Firebase CLI GitHub OAuth App: 
[info] https://github.com/settings/connections/applications/89cf50f02ac6aaed3484
[info] 
